<?xml version="1.0" encoding="UTF-8"?>
<!-- Generated by org.testng.reporters.JUnitReportReporter -->
<testsuite hostname="MEDC-41901Z2-L" name="com.acn.scenarios.BatchRunner" tests="1" failures="0" timestamp="5 May 2017 09:43:46 GMT" time="36.947" errors="0">
  <testcase name="feature" time="36.947" classname="com.acn.scenarios.BatchRunner"/>
</testsuite>
